<?xml version="1.0" encoding="UTF-8"?>
<!-- Generated by org.testng.reporters.JUnitXMLReporter -->
<testsuite ignored="0" hostname="DESKTOP-CLTTIEV" failures="0" tests="6" name="Test" time="287.295" errors="0" timestamp="2023-06-01T13:01:30 IST">
  <testcase classname="testcases.Searchproducttest" name="searchbox" time="35.624"/>
  <testcase classname="testcases.Select_by_departmenttest" name="dept" time="71.129"/>
  <testcase classname="testcases.Logintest" name="login" time="16.348"/>
  <testcase classname="testcases.Logintest" name="loginwithinvalid" time="6.772"/>
  <testcase classname="testcases.Select_by_brandstest" name="bybrands" time="55.61"/>
  <testcase classname="testcases.Signuptest" name="newacnyt" time="11.785"/>
</testsuite> <!-- Test -->
